2023-02-07 14:49:50,509 INFO o.a.j.u.JMeterUtils: Setting Locale to en_EN
2023-02-07 14:49:50,528 INFO o.a.j.JMeter: Loading user properties from: user.properties
2023-02-07 14:49:50,528 INFO o.a.j.JMeter: Loading system properties from: system.properties
2023-02-07 14:49:50,535 INFO o.a.j.JMeter: Copyright (c) 1998-2022 The Apache Software Foundation
2023-02-07 14:49:50,535 INFO o.a.j.JMeter: Version 5.5
2023-02-07 14:49:50,535 INFO o.a.j.JMeter: java.version=17.0.5
2023-02-07 14:49:50,535 INFO o.a.j.JMeter: java.vm.name=Java HotSpot(TM) 64-Bit Server VM
2023-02-07 14:49:50,535 INFO o.a.j.JMeter: os.name=Windows 10
2023-02-07 14:49:50,535 INFO o.a.j.JMeter: os.arch=amd64
2023-02-07 14:49:50,535 INFO o.a.j.JMeter: os.version=10.0
2023-02-07 14:49:50,535 INFO o.a.j.JMeter: file.encoding=Cp1252
2023-02-07 14:49:50,535 INFO o.a.j.JMeter: java.awt.headless=null
2023-02-07 14:49:50,535 INFO o.a.j.JMeter: Max memory     =1073741824
2023-02-07 14:49:50,535 INFO o.a.j.JMeter: Available Processors =12
2023-02-07 14:49:50,544 INFO o.a.j.JMeter: Default Locale=English (EN)
2023-02-07 14:49:50,544 INFO o.a.j.JMeter: JMeter  Locale=English (EN)
2023-02-07 14:49:50,544 INFO o.a.j.JMeter: JMeterHome=C:\Users\adne_\Downloads\apache-jmeter-5.5
2023-02-07 14:49:50,544 INFO o.a.j.JMeter: user.dir  =C:\Users\adne_\Downloads\apache-jmeter-5.5\bin
2023-02-07 14:49:50,545 INFO o.a.j.JMeter: PWD       =C:\Users\adne_\Downloads\apache-jmeter-5.5\bin
2023-02-07 14:49:50,554 INFO o.a.j.JMeter: IP: 10.22.177.26 Name: MSI FullName: 10.22.177.26
2023-02-07 14:49:50,566 INFO o.a.j.JMeter: Loaded icon properties from org/apache/jmeter/images/icon.properties
2023-02-07 14:49:50,770 INFO o.a.j.JMeterGuiLauncher: Setting LAF to: com.github.weisj.darklaf.DarkLaf:com.github.weisj.darklaf.theme.DarculaTheme
2023-02-07 14:49:58,103 INFO o.a.j.s.FileServer: Default base='C:\Users\adne_\Downloads\apache-jmeter-5.5\bin'
2023-02-07 14:50:25,279 INFO o.a.j.g.a.t.TemplateManager: Reading templates from: C:\Users\adne_\Downloads\apache-jmeter-5.5\bin\templates\templates.xml
2023-02-07 14:50:55,533 INFO o.a.j.g.a.Load: Loading file: C:\Users\adne_\AppData\Local\Temp\Simple HTTP request4216233041056653725.output
2023-02-07 14:50:55,649 INFO o.a.j.s.SaveService: Testplan (JMX) version: 2.2. Testlog (JTL) version: 2.2
2023-02-07 14:50:55,653 INFO o.a.j.s.SaveService: Using SaveService properties version 5.0
2023-02-07 14:50:55,654 INFO o.a.j.s.SaveService: Using SaveService properties file encoding UTF-8
2023-02-07 14:50:55,655 INFO o.a.j.s.SaveService: Loading file: C:\Users\adne_\AppData\Local\Temp\Simple HTTP request4216233041056653725.output
2023-02-07 14:50:55,678 INFO o.a.j.p.h.s.HTTPSamplerBase: Parser for text/html is org.apache.jmeter.protocol.http.parser.LagartoBasedHtmlParser
2023-02-07 14:50:55,678 INFO o.a.j.p.h.s.HTTPSamplerBase: Parser for application/xhtml+xml is org.apache.jmeter.protocol.http.parser.LagartoBasedHtmlParser
2023-02-07 14:50:55,678 INFO o.a.j.p.h.s.HTTPSamplerBase: Parser for application/xml is org.apache.jmeter.protocol.http.parser.LagartoBasedHtmlParser
2023-02-07 14:50:55,678 INFO o.a.j.p.h.s.HTTPSamplerBase: Parser for text/xml is org.apache.jmeter.protocol.http.parser.LagartoBasedHtmlParser
2023-02-07 14:50:55,679 INFO o.a.j.p.h.s.HTTPSamplerBase: Parser for text/vnd.wap.wml is org.apache.jmeter.protocol.http.parser.RegexpHTMLParser
2023-02-07 14:50:55,679 INFO o.a.j.p.h.s.HTTPSamplerBase: Parser for text/css is org.apache.jmeter.protocol.http.parser.CssParser
2023-02-07 14:50:55,694 INFO o.a.j.s.SampleResult: Note: Sample TimeStamps are START times
2023-02-07 14:50:55,694 INFO o.a.j.s.SampleResult: sampleresult.default.encoding is set to ISO-8859-1
2023-02-07 14:50:55,694 INFO o.a.j.s.SampleResult: sampleresult.useNanoTime=true
2023-02-07 14:50:55,694 INFO o.a.j.s.SampleResult: sampleresult.nanoThreadSleep=5000
2023-02-07 14:50:55,790 INFO o.a.j.v.ViewResultsFullVisualizer: Add JavaFX to your Java installation if you want to use renderer: org.apache.jmeter.visualizers.RenderInBrowser
2023-02-07 14:52:05,595 INFO o.a.j.s.FileServer: Set new base='C:\Users\adne_\Downloads'
2023-02-07 14:52:05,610 INFO o.a.j.e.StandardJMeterEngine: Running the test!
2023-02-07 14:52:05,610 INFO o.a.j.s.SampleEvent: List of sample_variables: []
2023-02-07 14:52:05,610 INFO o.a.j.s.SampleEvent: List of sample_variables: []
2023-02-07 14:52:05,611 INFO o.a.j.e.u.CompoundVariable: Note: Function class names must contain the string: '.functions.'
2023-02-07 14:52:05,611 INFO o.a.j.e.u.CompoundVariable: Note: Function class names must not contain the string: '.gui.'
2023-02-07 14:52:05,634 INFO o.a.j.g.u.JMeterMenuBar: setRunning(true, *local*)
2023-02-07 14:52:05,640 INFO o.a.j.e.StandardJMeterEngine: Starting ThreadGroup: 1 : Thread Group
2023-02-07 14:52:05,640 INFO o.a.j.e.StandardJMeterEngine: Starting 5 threads for group Thread Group.
2023-02-07 14:52:05,640 INFO o.a.j.e.StandardJMeterEngine: Thread will continue on error
2023-02-07 14:52:05,641 INFO o.a.j.t.ThreadGroup: Starting thread group... number=1 threads=5 ramp-up=1 delayedStart=false
2023-02-07 14:52:05,643 INFO o.a.j.t.JMeterThread: Thread started: Thread Group 1-1
2023-02-07 14:52:05,643 INFO o.a.j.t.ThreadGroup: Started thread group number 1
2023-02-07 14:52:05,643 INFO o.a.j.e.StandardJMeterEngine: All thread groups have been started
2023-02-07 14:52:05,650 INFO o.a.j.p.h.s.HTTPHCAbstractImpl: Local host = MSI
2023-02-07 14:52:05,655 INFO o.a.j.p.h.s.HTTPHC4Impl: HTTP request retry count = 0
2023-02-07 14:52:05,700 INFO o.a.j.t.JMeterThread: Thread is done: Thread Group 1-1
2023-02-07 14:52:05,700 INFO o.a.j.t.JMeterThread: Thread finished: Thread Group 1-1
2023-02-07 14:52:05,843 INFO o.a.j.t.JMeterThread: Thread started: Thread Group 1-2
2023-02-07 14:52:05,846 INFO o.a.j.t.JMeterThread: Thread is done: Thread Group 1-2
2023-02-07 14:52:05,846 INFO o.a.j.t.JMeterThread: Thread finished: Thread Group 1-2
2023-02-07 14:52:06,041 INFO o.a.j.t.JMeterThread: Thread started: Thread Group 1-3
2023-02-07 14:52:06,044 INFO o.a.j.t.JMeterThread: Thread is done: Thread Group 1-3
2023-02-07 14:52:06,044 INFO o.a.j.t.JMeterThread: Thread finished: Thread Group 1-3
2023-02-07 14:52:06,244 INFO o.a.j.t.JMeterThread: Thread started: Thread Group 1-4
2023-02-07 14:52:06,247 INFO o.a.j.t.JMeterThread: Thread is done: Thread Group 1-4
2023-02-07 14:52:06,247 INFO o.a.j.t.JMeterThread: Thread finished: Thread Group 1-4
2023-02-07 14:52:06,442 INFO o.a.j.t.JMeterThread: Thread started: Thread Group 1-5
2023-02-07 14:52:06,444 INFO o.a.j.t.JMeterThread: Thread is done: Thread Group 1-5
2023-02-07 14:52:06,444 INFO o.a.j.t.JMeterThread: Thread finished: Thread Group 1-5
2023-02-07 14:52:06,444 INFO o.a.j.e.StandardJMeterEngine: Notifying test listeners of end of test
2023-02-07 14:52:06,444 INFO o.a.j.g.u.JMeterMenuBar: setRunning(false, *local*)
2023-02-07 14:53:00,252 INFO o.a.j.e.StandardJMeterEngine: Running the test!
2023-02-07 14:53:00,253 INFO o.a.j.s.SampleEvent: List of sample_variables: []
2023-02-07 14:53:00,253 INFO o.a.j.g.u.JMeterMenuBar: setRunning(true, *local*)
2023-02-07 14:53:00,274 INFO o.a.j.e.StandardJMeterEngine: Starting ThreadGroup: 1 : Thread Group
2023-02-07 14:53:00,274 INFO o.a.j.e.StandardJMeterEngine: Starting 5 threads for group Thread Group.
2023-02-07 14:53:00,274 INFO o.a.j.e.StandardJMeterEngine: Thread will continue on error
2023-02-07 14:53:00,274 INFO o.a.j.t.ThreadGroup: Starting thread group... number=1 threads=5 ramp-up=1 delayedStart=false
2023-02-07 14:53:00,274 INFO o.a.j.t.JMeterThread: Thread started: Thread Group 1-1
2023-02-07 14:53:00,276 INFO o.a.j.t.ThreadGroup: Started thread group number 1
2023-02-07 14:53:00,276 INFO o.a.j.e.StandardJMeterEngine: All thread groups have been started
2023-02-07 14:53:00,277 INFO o.a.j.t.JMeterThread: Thread is done: Thread Group 1-1
2023-02-07 14:53:00,277 INFO o.a.j.t.JMeterThread: Thread finished: Thread Group 1-1
2023-02-07 14:53:00,476 INFO o.a.j.t.JMeterThread: Thread started: Thread Group 1-2
2023-02-07 14:53:00,478 INFO o.a.j.t.JMeterThread: Thread is done: Thread Group 1-2
2023-02-07 14:53:00,478 INFO o.a.j.t.JMeterThread: Thread finished: Thread Group 1-2
2023-02-07 14:53:00,680 INFO o.a.j.t.JMeterThread: Thread started: Thread Group 1-3
2023-02-07 14:53:00,682 INFO o.a.j.t.JMeterThread: Thread is done: Thread Group 1-3
2023-02-07 14:53:00,682 INFO o.a.j.t.JMeterThread: Thread finished: Thread Group 1-3
2023-02-07 14:53:00,886 INFO o.a.j.t.JMeterThread: Thread started: Thread Group 1-4
2023-02-07 14:53:00,888 INFO o.a.j.t.JMeterThread: Thread is done: Thread Group 1-4
2023-02-07 14:53:00,889 INFO o.a.j.t.JMeterThread: Thread finished: Thread Group 1-4
2023-02-07 14:53:01,075 INFO o.a.j.t.JMeterThread: Thread started: Thread Group 1-5
2023-02-07 14:53:01,077 INFO o.a.j.t.JMeterThread: Thread is done: Thread Group 1-5
2023-02-07 14:53:01,077 INFO o.a.j.t.JMeterThread: Thread finished: Thread Group 1-5
2023-02-07 14:53:01,077 INFO o.a.j.e.StandardJMeterEngine: Notifying test listeners of end of test
2023-02-07 14:53:01,077 INFO o.a.j.g.u.JMeterMenuBar: setRunning(false, *local*)
2023-02-07 14:54:05,848 INFO o.a.j.e.StandardJMeterEngine: Running the test!
2023-02-07 14:54:05,848 INFO o.a.j.s.SampleEvent: List of sample_variables: []
2023-02-07 14:54:05,848 INFO o.a.j.g.u.JMeterMenuBar: setRunning(true, *local*)
2023-02-07 14:54:05,866 INFO o.a.j.e.StandardJMeterEngine: Starting ThreadGroup: 1 : Thread Group
2023-02-07 14:54:05,866 INFO o.a.j.e.StandardJMeterEngine: Starting 5 threads for group Thread Group.
2023-02-07 14:54:05,866 INFO o.a.j.e.StandardJMeterEngine: Thread will continue on error
2023-02-07 14:54:05,866 INFO o.a.j.t.ThreadGroup: Starting thread group... number=1 threads=5 ramp-up=1 delayedStart=false
2023-02-07 14:54:05,867 INFO o.a.j.t.JMeterThread: Thread started: Thread Group 1-1
2023-02-07 14:54:05,867 INFO o.a.j.t.ThreadGroup: Started thread group number 1
2023-02-07 14:54:05,867 INFO o.a.j.e.StandardJMeterEngine: All thread groups have been started
2023-02-07 14:54:05,868 INFO o.a.j.t.JMeterThread: Thread is done: Thread Group 1-1
2023-02-07 14:54:05,869 INFO o.a.j.t.JMeterThread: Thread finished: Thread Group 1-1
2023-02-07 14:54:06,081 INFO o.a.j.t.JMeterThread: Thread started: Thread Group 1-2
2023-02-07 14:54:06,083 INFO o.a.j.t.JMeterThread: Thread is done: Thread Group 1-2
2023-02-07 14:54:06,083 INFO o.a.j.t.JMeterThread: Thread finished: Thread Group 1-2
2023-02-07 14:54:06,268 INFO o.a.j.t.JMeterThread: Thread started: Thread Group 1-3
2023-02-07 14:54:06,270 INFO o.a.j.t.JMeterThread: Thread is done: Thread Group 1-3
2023-02-07 14:54:06,270 INFO o.a.j.t.JMeterThread: Thread finished: Thread Group 1-3
2023-02-07 14:54:06,467 INFO o.a.j.t.JMeterThread: Thread started: Thread Group 1-4
2023-02-07 14:54:06,469 INFO o.a.j.t.JMeterThread: Thread is done: Thread Group 1-4
2023-02-07 14:54:06,469 INFO o.a.j.t.JMeterThread: Thread finished: Thread Group 1-4
2023-02-07 14:54:06,667 INFO o.a.j.t.JMeterThread: Thread started: Thread Group 1-5
2023-02-07 14:54:06,669 INFO o.a.j.t.JMeterThread: Thread is done: Thread Group 1-5
2023-02-07 14:54:06,669 INFO o.a.j.t.JMeterThread: Thread finished: Thread Group 1-5
2023-02-07 14:54:06,669 INFO o.a.j.e.StandardJMeterEngine: Notifying test listeners of end of test
2023-02-07 14:54:06,669 INFO o.a.j.g.u.JMeterMenuBar: setRunning(false, *local*)
2023-02-07 14:55:04,411 INFO o.a.j.e.StandardJMeterEngine: Running the test!
2023-02-07 14:55:04,411 INFO o.a.j.s.SampleEvent: List of sample_variables: []
2023-02-07 14:55:04,412 INFO o.a.j.g.u.JMeterMenuBar: setRunning(true, *local*)
2023-02-07 14:55:04,430 INFO o.a.j.e.StandardJMeterEngine: Starting ThreadGroup: 1 : Thread Group
2023-02-07 14:55:04,430 INFO o.a.j.e.StandardJMeterEngine: Starting 5 threads for group Thread Group.
2023-02-07 14:55:04,431 INFO o.a.j.e.StandardJMeterEngine: Thread will continue on error
2023-02-07 14:55:04,431 INFO o.a.j.t.ThreadGroup: Starting thread group... number=1 threads=5 ramp-up=1 delayedStart=false
2023-02-07 14:55:04,431 INFO o.a.j.t.JMeterThread: Thread started: Thread Group 1-1
2023-02-07 14:55:04,431 INFO o.a.j.t.ThreadGroup: Started thread group number 1
2023-02-07 14:55:04,431 INFO o.a.j.e.StandardJMeterEngine: All thread groups have been started
2023-02-07 14:55:04,647 INFO o.a.j.t.JMeterThread: Thread started: Thread Group 1-2
2023-02-07 14:55:04,834 INFO o.a.j.t.JMeterThread: Thread started: Thread Group 1-3
2023-02-07 14:55:05,034 INFO o.a.j.t.JMeterThread: Thread started: Thread Group 1-4
2023-02-07 14:55:05,236 INFO o.a.j.t.JMeterThread: Thread started: Thread Group 1-5
2023-02-07 14:55:54,707 INFO o.a.j.t.JMeterThread: Thread is done: Thread Group 1-1
2023-02-07 14:55:54,707 INFO o.a.j.t.JMeterThread: Thread finished: Thread Group 1-1
2023-02-07 14:55:54,867 INFO o.a.j.t.JMeterThread: Thread is done: Thread Group 1-2
2023-02-07 14:55:54,868 INFO o.a.j.t.JMeterThread: Thread finished: Thread Group 1-2
2023-02-07 14:55:55,070 INFO o.a.j.t.JMeterThread: Thread is done: Thread Group 1-3
2023-02-07 14:55:55,071 INFO o.a.j.t.JMeterThread: Thread finished: Thread Group 1-3
2023-02-07 14:55:55,225 INFO o.a.j.t.JMeterThread: Thread is done: Thread Group 1-4
2023-02-07 14:55:55,225 INFO o.a.j.t.JMeterThread: Thread finished: Thread Group 1-4
2023-02-07 14:55:55,445 INFO o.a.j.t.JMeterThread: Thread is done: Thread Group 1-5
2023-02-07 14:55:55,445 INFO o.a.j.t.JMeterThread: Thread finished: Thread Group 1-5
2023-02-07 14:55:55,445 INFO o.a.j.e.StandardJMeterEngine: Notifying test listeners of end of test
2023-02-07 14:55:55,445 INFO o.a.j.g.u.JMeterMenuBar: setRunning(false, *local*)
2023-02-07 14:57:29,305 INFO o.a.j.e.StandardJMeterEngine: Running the test!
2023-02-07 14:57:29,306 INFO o.a.j.s.SampleEvent: List of sample_variables: []
2023-02-07 14:57:29,306 INFO o.a.j.g.u.JMeterMenuBar: setRunning(true, *local*)
2023-02-07 14:57:29,325 INFO o.a.j.e.StandardJMeterEngine: Starting ThreadGroup: 1 : Thread Group
2023-02-07 14:57:29,325 INFO o.a.j.e.StandardJMeterEngine: Starting 5 threads for group Thread Group.
2023-02-07 14:57:29,325 INFO o.a.j.e.StandardJMeterEngine: Thread will continue on error
2023-02-07 14:57:29,325 INFO o.a.j.t.ThreadGroup: Starting thread group... number=1 threads=5 ramp-up=1 delayedStart=false
2023-02-07 14:57:29,326 INFO o.a.j.t.ThreadGroup: Started thread group number 1
2023-02-07 14:57:29,326 INFO o.a.j.t.JMeterThread: Thread started: Thread Group 1-1
2023-02-07 14:57:29,326 INFO o.a.j.e.StandardJMeterEngine: All thread groups have been started
2023-02-07 14:57:29,528 INFO o.a.j.t.JMeterThread: Thread started: Thread Group 1-2
2023-02-07 14:57:29,727 INFO o.a.j.t.JMeterThread: Thread started: Thread Group 1-3
2023-02-07 14:57:29,927 INFO o.a.j.t.JMeterThread: Thread started: Thread Group 1-4
2023-02-07 14:57:30,126 INFO o.a.j.t.JMeterThread: Thread started: Thread Group 1-5
2023-02-07 14:58:02,458 INFO o.a.j.g.a.Start: Stopping test
2023-02-07 14:58:02,464 INFO o.a.j.t.JMeterThread: Stopping: Thread Group 1-3
2023-02-07 14:58:02,465 WARN o.a.j.t.JMeterThread: Interrupting: Thread Group 1-3 sampler: HTTP Request
2023-02-07 14:58:02,465 INFO o.a.j.t.JMeterThread: Stopping: Thread Group 1-1
2023-02-07 14:58:02,465 WARN o.a.j.t.JMeterThread: Interrupting: Thread Group 1-1 sampler: HTTP Request
2023-02-07 14:58:02,465 INFO o.a.j.t.JMeterThread: Stopping: Thread Group 1-2
2023-02-07 14:58:02,465 WARN o.a.j.t.JMeterThread: Interrupting: Thread Group 1-2 sampler: HTTP Request
2023-02-07 14:58:02,465 INFO o.a.j.t.JMeterThread: Thread finished: Thread Group 1-3
2023-02-07 14:58:02,465 INFO o.a.j.t.JMeterThread: Stopping: Thread Group 1-4
2023-02-07 14:58:02,465 WARN o.a.j.t.JMeterThread: Interrupting: Thread Group 1-4 sampler: HTTP Request
2023-02-07 14:58:02,465 INFO o.a.j.t.JMeterThread: Thread finished: Thread Group 1-1
2023-02-07 14:58:02,465 INFO o.a.j.t.JMeterThread: Thread finished: Thread Group 1-2
2023-02-07 14:58:02,465 INFO o.a.j.t.JMeterThread: Stopping: Thread Group 1-5
2023-02-07 14:58:02,465 WARN o.a.j.t.JMeterThread: Interrupting: Thread Group 1-5 sampler: HTTP Request
2023-02-07 14:58:02,466 INFO o.a.j.t.JMeterThread: Thread finished: Thread Group 1-4
2023-02-07 14:58:02,466 INFO o.a.j.t.JMeterThread: Thread finished: Thread Group 1-5
2023-02-07 14:58:02,466 INFO o.a.j.e.StandardJMeterEngine: Notifying test listeners of end of test
2023-02-07 14:58:02,466 INFO o.a.j.g.u.JMeterMenuBar: setRunning(false, *local*)
2023-02-07 14:58:05,493 INFO o.a.j.e.StandardJMeterEngine: Running the test!
2023-02-07 14:58:05,493 INFO o.a.j.s.SampleEvent: List of sample_variables: []
2023-02-07 14:58:05,493 INFO o.a.j.g.u.JMeterMenuBar: setRunning(true, *local*)
2023-02-07 14:58:05,512 INFO o.a.j.e.StandardJMeterEngine: Starting ThreadGroup: 1 : Thread Group
2023-02-07 14:58:05,512 INFO o.a.j.e.StandardJMeterEngine: Starting 5 threads for group Thread Group.
2023-02-07 14:58:05,512 INFO o.a.j.e.StandardJMeterEngine: Thread will continue on error
2023-02-07 14:58:05,512 INFO o.a.j.t.ThreadGroup: Starting thread group... number=1 threads=5 ramp-up=1 delayedStart=false
2023-02-07 14:58:05,512 INFO o.a.j.t.JMeterThread: Thread started: Thread Group 1-1
2023-02-07 14:58:05,513 INFO o.a.j.t.ThreadGroup: Started thread group number 1
2023-02-07 14:58:05,513 INFO o.a.j.e.StandardJMeterEngine: All thread groups have been started
2023-02-07 14:58:05,715 INFO o.a.j.t.JMeterThread: Thread started: Thread Group 1-2
2023-02-07 14:58:05,917 INFO o.a.j.t.JMeterThread: Thread started: Thread Group 1-3
2023-02-07 14:58:06,118 INFO o.a.j.t.JMeterThread: Thread started: Thread Group 1-4
2023-02-07 14:58:06,320 INFO o.a.j.t.JMeterThread: Thread started: Thread Group 1-5
2023-02-07 14:59:48,164 INFO o.a.j.g.a.Start: Stopping test
2023-02-07 14:59:48,168 INFO o.a.j.t.JMeterThread: Stopping: Thread Group 1-5
2023-02-07 14:59:48,168 WARN o.a.j.t.JMeterThread: Interrupting: Thread Group 1-5 sampler: HTTP Request
2023-02-07 14:59:48,168 INFO o.a.j.t.JMeterThread: Stopping: Thread Group 1-1
2023-02-07 14:59:48,168 WARN o.a.j.t.JMeterThread: Interrupting: Thread Group 1-1 sampler: HTTP Request
2023-02-07 14:59:48,168 INFO o.a.j.t.JMeterThread: Stopping: Thread Group 1-2
2023-02-07 14:59:48,168 INFO o.a.j.t.JMeterThread: Thread finished: Thread Group 1-5
2023-02-07 14:59:48,168 WARN o.a.j.t.JMeterThread: Interrupting: Thread Group 1-2 sampler: HTTP Request
2023-02-07 14:59:48,169 INFO o.a.j.t.JMeterThread: Thread finished: Thread Group 1-1
2023-02-07 14:59:48,169 INFO o.a.j.t.JMeterThread: Stopping: Thread Group 1-3
2023-02-07 14:59:48,169 WARN o.a.j.t.JMeterThread: Interrupting: Thread Group 1-3 sampler: HTTP Request
2023-02-07 14:59:48,169 INFO o.a.j.t.JMeterThread: Thread finished: Thread Group 1-2
2023-02-07 14:59:48,169 INFO o.a.j.t.JMeterThread: Stopping: Thread Group 1-4
2023-02-07 14:59:48,169 WARN o.a.j.t.JMeterThread: Interrupting: Thread Group 1-4 sampler: HTTP Request
2023-02-07 14:59:48,169 INFO o.a.j.t.JMeterThread: Thread finished: Thread Group 1-4
2023-02-07 14:59:48,170 INFO o.a.j.t.JMeterThread: Thread finished: Thread Group 1-3
2023-02-07 14:59:48,170 INFO o.a.j.e.StandardJMeterEngine: Notifying test listeners of end of test
2023-02-07 14:59:48,170 INFO o.a.j.g.u.JMeterMenuBar: setRunning(false, *local*)
2023-02-07 14:59:51,516 INFO o.a.j.e.StandardJMeterEngine: Running the test!
2023-02-07 14:59:51,516 INFO o.a.j.s.SampleEvent: List of sample_variables: []
2023-02-07 14:59:51,517 INFO o.a.j.g.u.JMeterMenuBar: setRunning(true, *local*)
2023-02-07 14:59:51,536 INFO o.a.j.e.StandardJMeterEngine: Starting ThreadGroup: 1 : Thread Group
2023-02-07 14:59:51,536 INFO o.a.j.e.StandardJMeterEngine: Starting 1 threads for group Thread Group.
2023-02-07 14:59:51,536 INFO o.a.j.e.StandardJMeterEngine: Thread will continue on error
2023-02-07 14:59:51,536 INFO o.a.j.t.ThreadGroup: Starting thread group... number=1 threads=1 ramp-up=1 delayedStart=false
2023-02-07 14:59:51,536 INFO o.a.j.t.ThreadGroup: Started thread group number 1
2023-02-07 14:59:51,536 INFO o.a.j.e.StandardJMeterEngine: All thread groups have been started
2023-02-07 14:59:51,536 INFO o.a.j.t.JMeterThread: Thread started: Thread Group 1-1
2023-02-07 15:01:05,642 INFO o.a.j.g.a.Start: Stopping test
2023-02-07 15:01:05,646 INFO o.a.j.t.JMeterThread: Stopping: Thread Group 1-1
2023-02-07 15:01:05,646 WARN o.a.j.t.JMeterThread: Interrupting: Thread Group 1-1 sampler: HTTP Request
2023-02-07 15:01:05,647 INFO o.a.j.t.JMeterThread: Thread finished: Thread Group 1-1
2023-02-07 15:01:05,647 INFO o.a.j.e.StandardJMeterEngine: Notifying test listeners of end of test
2023-02-07 15:01:05,647 INFO o.a.j.g.u.JMeterMenuBar: setRunning(false, *local*)
2023-02-07 15:01:08,254 INFO o.a.j.e.StandardJMeterEngine: Running the test!
2023-02-07 15:01:08,254 INFO o.a.j.s.SampleEvent: List of sample_variables: []
2023-02-07 15:01:08,254 INFO o.a.j.g.u.JMeterMenuBar: setRunning(true, *local*)
2023-02-07 15:01:08,274 INFO o.a.j.e.StandardJMeterEngine: Starting ThreadGroup: 1 : Thread Group
2023-02-07 15:01:08,274 INFO o.a.j.e.StandardJMeterEngine: Starting 1 threads for group Thread Group.
2023-02-07 15:01:08,274 INFO o.a.j.e.StandardJMeterEngine: Thread will continue on error
2023-02-07 15:01:08,274 INFO o.a.j.t.ThreadGroup: Starting thread group... number=1 threads=1 ramp-up=1 delayedStart=false
2023-02-07 15:01:08,275 INFO o.a.j.t.ThreadGroup: Started thread group number 1
2023-02-07 15:01:08,275 INFO o.a.j.e.StandardJMeterEngine: All thread groups have been started
2023-02-07 15:01:08,275 INFO o.a.j.t.JMeterThread: Thread started: Thread Group 1-1
2023-02-07 15:01:10,469 INFO o.a.j.g.a.Start: Stopping test
2023-02-07 15:01:10,473 INFO o.a.j.t.JMeterThread: Stopping: Thread Group 1-1
2023-02-07 15:01:10,473 WARN o.a.j.t.JMeterThread: Interrupting: Thread Group 1-1 sampler: HTTP Request
2023-02-07 15:01:10,475 INFO o.a.j.t.JMeterThread: Thread finished: Thread Group 1-1
2023-02-07 15:01:10,475 INFO o.a.j.e.StandardJMeterEngine: Notifying test listeners of end of test
2023-02-07 15:01:10,475 INFO o.a.j.g.u.JMeterMenuBar: setRunning(false, *local*)
2023-02-07 15:01:15,811 INFO o.a.j.e.StandardJMeterEngine: Running the test!
2023-02-07 15:01:15,812 INFO o.a.j.s.SampleEvent: List of sample_variables: []
2023-02-07 15:01:15,812 INFO o.a.j.g.u.JMeterMenuBar: setRunning(true, *local*)
2023-02-07 15:01:15,831 INFO o.a.j.e.StandardJMeterEngine: Starting ThreadGroup: 1 : Thread Group
2023-02-07 15:01:15,831 INFO o.a.j.e.StandardJMeterEngine: Starting 1 threads for group Thread Group.
2023-02-07 15:01:15,831 INFO o.a.j.e.StandardJMeterEngine: Thread will continue on error
2023-02-07 15:01:15,831 INFO o.a.j.t.ThreadGroup: Starting thread group... number=1 threads=1 ramp-up=1 delayedStart=false
2023-02-07 15:01:15,831 INFO o.a.j.t.ThreadGroup: Started thread group number 1
2023-02-07 15:01:15,832 INFO o.a.j.e.StandardJMeterEngine: All thread groups have been started
2023-02-07 15:01:15,832 INFO o.a.j.t.JMeterThread: Thread started: Thread Group 1-1
2023-02-07 15:01:25,984 INFO o.a.j.u.JsseSSLManager: Using default SSL protocol: TLS
2023-02-07 15:01:25,984 INFO o.a.j.u.JsseSSLManager: SSL session context: per-thread
2023-02-07 15:01:42,723 INFO o.a.j.g.a.Start: Stopping test
2023-02-07 15:01:42,727 INFO o.a.j.t.JMeterThread: Stopping: Thread Group 1-1
2023-02-07 15:01:42,727 WARN o.a.j.t.JMeterThread: Interrupting: Thread Group 1-1 sampler: HTTP Request
2023-02-07 15:01:42,728 INFO o.a.j.t.JMeterThread: Thread finished: Thread Group 1-1
2023-02-07 15:01:42,728 INFO o.a.j.e.StandardJMeterEngine: Notifying test listeners of end of test
2023-02-07 15:01:42,728 INFO o.a.j.g.u.JMeterMenuBar: setRunning(false, *local*)
2023-02-07 15:01:48,123 INFO o.a.j.e.StandardJMeterEngine: Running the test!
2023-02-07 15:01:48,123 INFO o.a.j.s.SampleEvent: List of sample_variables: []
2023-02-07 15:01:48,124 INFO o.a.j.g.u.JMeterMenuBar: setRunning(true, *local*)
2023-02-07 15:01:48,145 INFO o.a.j.e.StandardJMeterEngine: Starting ThreadGroup: 1 : Thread Group
2023-02-07 15:01:48,146 INFO o.a.j.e.StandardJMeterEngine: Starting 5 threads for group Thread Group.
2023-02-07 15:01:48,146 INFO o.a.j.e.StandardJMeterEngine: Thread will continue on error
2023-02-07 15:01:48,146 INFO o.a.j.t.ThreadGroup: Starting thread group... number=1 threads=5 ramp-up=1 delayedStart=false
2023-02-07 15:01:48,146 INFO o.a.j.t.JMeterThread: Thread started: Thread Group 1-1
2023-02-07 15:01:48,146 INFO o.a.j.t.ThreadGroup: Started thread group number 1
2023-02-07 15:01:48,146 INFO o.a.j.e.StandardJMeterEngine: All thread groups have been started
2023-02-07 15:01:48,354 INFO o.a.j.t.JMeterThread: Thread started: Thread Group 1-2
2023-02-07 15:01:48,556 INFO o.a.j.t.JMeterThread: Thread started: Thread Group 1-3
2023-02-07 15:01:48,758 INFO o.a.j.t.JMeterThread: Thread started: Thread Group 1-4
2023-02-07 15:01:48,958 INFO o.a.j.t.JMeterThread: Thread started: Thread Group 1-5
2023-02-07 15:03:27,259 INFO o.a.j.g.a.Start: Stopping test
2023-02-07 15:03:27,264 INFO o.a.j.t.JMeterThread: Stopping: Thread Group 1-4
2023-02-07 15:03:27,264 WARN o.a.j.t.JMeterThread: Interrupting: Thread Group 1-4 sampler: HTTP Request
2023-02-07 15:03:27,264 INFO o.a.j.t.JMeterThread: Stopping: Thread Group 1-1
2023-02-07 15:03:27,264 WARN o.a.j.t.JMeterThread: Interrupting: Thread Group 1-1 sampler: HTTP Request
2023-02-07 15:03:27,264 INFO o.a.j.t.JMeterThread: Stopping: Thread Group 1-5
2023-02-07 15:03:27,264 WARN o.a.j.t.JMeterThread: Interrupting: Thread Group 1-5 sampler: HTTP Request
2023-02-07 15:03:27,265 INFO o.a.j.t.JMeterThread: Thread is done: Thread Group 1-4
2023-02-07 15:03:27,265 INFO o.a.j.t.JMeterThread: Stopping: Thread Group 1-2
2023-02-07 15:03:27,265 INFO o.a.j.t.JMeterThread: Thread finished: Thread Group 1-4
2023-02-07 15:03:27,265 WARN o.a.j.t.JMeterThread: Interrupting: Thread Group 1-2 sampler: HTTP Request
2023-02-07 15:03:27,265 INFO o.a.j.t.JMeterThread: Thread is done: Thread Group 1-1
2023-02-07 15:03:27,265 INFO o.a.j.t.JMeterThread: Thread finished: Thread Group 1-1
2023-02-07 15:03:27,265 INFO o.a.j.t.JMeterThread: Stopping: Thread Group 1-3
2023-02-07 15:03:27,265 INFO o.a.j.t.JMeterThread: Thread is done: Thread Group 1-5
2023-02-07 15:03:27,265 WARN o.a.j.t.JMeterThread: Interrupting: Thread Group 1-3 sampler: HTTP Request
2023-02-07 15:03:27,265 INFO o.a.j.t.JMeterThread: Thread finished: Thread Group 1-5
2023-02-07 15:03:27,265 INFO o.a.j.t.JMeterThread: Thread is done: Thread Group 1-2
2023-02-07 15:03:27,265 INFO o.a.j.t.JMeterThread: Thread finished: Thread Group 1-2
2023-02-07 15:03:27,265 INFO o.a.j.t.JMeterThread: Thread is done: Thread Group 1-3
2023-02-07 15:03:27,265 INFO o.a.j.t.JMeterThread: Thread finished: Thread Group 1-3
2023-02-07 15:03:27,265 INFO o.a.j.e.StandardJMeterEngine: Notifying test listeners of end of test
2023-02-07 15:03:27,265 INFO o.a.j.g.u.JMeterMenuBar: setRunning(false, *local*)
